    69>D:\projects\misis2023f-23-check\misis2024s-23-18-elisova-a-a\prj.app\robocalc\robocalc.cpp(1,2): error C2001: newline в константе [D:\projects\misis2023f-23-check\misis2024s-23-18-elisova-a-a\build.check\prj.app\robocalc\robocalc.vcxproj]
    69>D:\projects\misis2023f-23-check\misis2024s-23-18-elisova-a-a\prj.app\robocalc\robocalc.cpp(1,2): error C2015: слишком много знаков в константе [D:\projects\misis2023f-23-check\misis2024s-23-18-elisova-a-a\build.check\prj.app\robocalc\robocalc.vcxproj]
    69>D:\projects\misis2023f-23-check\misis2024s-23-18-elisova-a-a\prj.app\robocalc\robocalc.cpp(1,2): error C2143: синтаксическа€ ошибка: отсутствие ";" перед "константа" [D:\projects\misis2023f-23-check\misis2024s-23-18-elisova-a-a\build.check\prj.app\robocalc\robocalc.vcxproj]
    69>D:\projects\misis2023f-23-check\misis2024s-23-18-elisova-a-a\prj.app\robocalc\robocalc.cpp(1,2): error C4430: отсутствует спецификатор типа - предполагаетс€ int. ѕримечание. C++ не поддерживает int по умолчанию [D:\projects\misis2023f-23-check\misis2024s-23-18-elisova-a-a\build.check\prj.app\robocalc\robocalc.vcxproj]
    69>D:\projects\misis2023f-23-check\misis2024s-23-18-elisova-a-a\prj.app\robocalc\robocalc.cpp(1,2): error C2059: синтаксическа€ ошибка: константа [D:\projects\misis2023f-23-check\misis2024s-23-18-elisova-a-a\build.check\prj.app\robocalc\robocalc.vcxproj]
